Start testing: Jul 08 21:30 +04
----------------------------------------------------------
1/5 Testing: NavigationServiceTest.ValidRouteReturnsSuccessfulResult
1/5 Test: NavigationServiceTest.ValidRouteReturnsSuccessfulResult
Command: "/home/vardan/DesktopNavigationSystem/build/application/tests/application_tests" "--gtest_filter=NavigationServiceTest.ValidRouteReturnsSuccessfulResult" "--gtest_also_run_disabled_tests"
Directory: /home/vardan/DesktopNavigationSystem/build/application/tests
"NavigationServiceTest.ValidRouteReturnsSuccessfulResult" start time: Jul 08 21:30 +04
Output:
----------------------------------------------------------
Running main() from ./googletest/src/gtest_main.cc
Note: Google Test filter = NavigationServiceTest.ValidRouteReturnsSuccessfulResult
[==========] Running 1 test from 1 test suite.
[----------] Global test environment set-up.
[----------] 1 test from NavigationServiceTest
[ RUN      ] NavigationServiceTest.ValidRouteReturnsSuccessfulResult
[       OK ] NavigationServiceTest.ValidRouteReturnsSuccessfulResult (0 ms)
[----------] 1 test from NavigationServiceTest (0 ms total)

[----------] Global test environment tear-down
[==========] 1 test from 1 test suite ran. (0 ms total)
[  PASSED  ] 1 test.
<end of output>
Test time =   0.01 sec
----------------------------------------------------------
Test Passed.
"NavigationServiceTest.ValidRouteReturnsSuccessfulResult" end time: Jul 08 21:30 +04
"NavigationServiceTest.ValidRouteReturnsSuccessfulResult" time elapsed: 00:00:00
----------------------------------------------------------

2/5 Testing: NavigationServiceTest.InvalidStartNodeDoesNotCallPathFinder
2/5 Test: NavigationServiceTest.InvalidStartNodeDoesNotCallPathFinder
Command: "/home/vardan/DesktopNavigationSystem/build/application/tests/application_tests" "--gtest_filter=NavigationServiceTest.InvalidStartNodeDoesNotCallPathFinder" "--gtest_also_run_disabled_tests"
Directory: /home/vardan/DesktopNavigationSystem/build/application/tests
"NavigationServiceTest.InvalidStartNodeDoesNotCallPathFinder" start time: Jul 08 21:30 +04
Output:
----------------------------------------------------------
Running main() from ./googletest/src/gtest_main.cc
Note: Google Test filter = NavigationServiceTest.InvalidStartNodeDoesNotCallPathFinder
[==========] Running 1 test from 1 test suite.
[----------] Global test environment set-up.
[----------] 1 test from NavigationServiceTest
[ RUN      ] NavigationServiceTest.InvalidStartNodeDoesNotCallPathFinder
[       OK ] NavigationServiceTest.InvalidStartNodeDoesNotCallPathFinder (0 ms)
[----------] 1 test from NavigationServiceTest (0 ms total)

[----------] Global test environment tear-down
[==========] 1 test from 1 test suite ran. (0 ms total)
[  PASSED  ] 1 test.
<end of output>
Test time =   0.01 sec
----------------------------------------------------------
Test Passed.
"NavigationServiceTest.InvalidStartNodeDoesNotCallPathFinder" end time: Jul 08 21:30 +04
"NavigationServiceTest.InvalidStartNodeDoesNotCallPathFinder" time elapsed: 00:00:00
----------------------------------------------------------

3/5 Testing: NavigationServiceTest.InvalidDestinationNodeDoesNotCallPathFinder
3/5 Test: NavigationServiceTest.InvalidDestinationNodeDoesNotCallPathFinder
Command: "/home/vardan/DesktopNavigationSystem/build/application/tests/application_tests" "--gtest_filter=NavigationServiceTest.InvalidDestinationNodeDoesNotCallPathFinder" "--gtest_also_run_disabled_tests"
Directory: /home/vardan/DesktopNavigationSystem/build/application/tests
"NavigationServiceTest.InvalidDestinationNodeDoesNotCallPathFinder" start time: Jul 08 21:30 +04
Output:
----------------------------------------------------------
Running main() from ./googletest/src/gtest_main.cc
Note: Google Test filter = NavigationServiceTest.InvalidDestinationNodeDoesNotCallPathFinder
[==========] Running 1 test from 1 test suite.
[----------] Global test environment set-up.
[----------] 1 test from NavigationServiceTest
[ RUN      ] NavigationServiceTest.InvalidDestinationNodeDoesNotCallPathFinder
[       OK ] NavigationServiceTest.InvalidDestinationNodeDoesNotCallPathFinder (0 ms)
[----------] 1 test from NavigationServiceTest (0 ms total)

[----------] Global test environment tear-down
[==========] 1 test from 1 test suite ran. (0 ms total)
[  PASSED  ] 1 test.
<end of output>
Test time =   0.01 sec
----------------------------------------------------------
Test Passed.
"NavigationServiceTest.InvalidDestinationNodeDoesNotCallPathFinder" end time: Jul 08 21:30 +04
"NavigationServiceTest.InvalidDestinationNodeDoesNotCallPathFinder" time elapsed: 00:00:00
----------------------------------------------------------

4/5 Testing: NavigationServiceTest.EmptyRouteReturnsUnavailable
4/5 Test: NavigationServiceTest.EmptyRouteReturnsUnavailable
Command: "/home/vardan/DesktopNavigationSystem/build/application/tests/application_tests" "--gtest_filter=NavigationServiceTest.EmptyRouteReturnsUnavailable" "--gtest_also_run_disabled_tests"
Directory: /home/vardan/DesktopNavigationSystem/build/application/tests
"NavigationServiceTest.EmptyRouteReturnsUnavailable" start time: Jul 08 21:30 +04
Output:
----------------------------------------------------------
Running main() from ./googletest/src/gtest_main.cc
Note: Google Test filter = NavigationServiceTest.EmptyRouteReturnsUnavailable
[==========] Running 1 test from 1 test suite.
[----------] Global test environment set-up.
[----------] 1 test from NavigationServiceTest
[ RUN      ] NavigationServiceTest.EmptyRouteReturnsUnavailable
[       OK ] NavigationServiceTest.EmptyRouteReturnsUnavailable (0 ms)
[----------] 1 test from NavigationServiceTest (0 ms total)

[----------] Global test environment tear-down
[==========] 1 test from 1 test suite ran. (0 ms total)
[  PASSED  ] 1 test.
<end of output>
Test time =   0.00 sec
----------------------------------------------------------
Test Passed.
"NavigationServiceTest.EmptyRouteReturnsUnavailable" end time: Jul 08 21:30 +04
"NavigationServiceTest.EmptyRouteReturnsUnavailable" time elapsed: 00:00:00
----------------------------------------------------------

5/5 Testing: RoutePresentationBuilderTest.BuildsGeometryFromRoute
5/5 Test: RoutePresentationBuilderTest.BuildsGeometryFromRoute
Command: "/home/vardan/DesktopNavigationSystem/build/application/tests/application_tests" "--gtest_filter=RoutePresentationBuilderTest.BuildsGeometryFromRoute" "--gtest_also_run_disabled_tests"
Directory: /home/vardan/DesktopNavigationSystem/build/application/tests
"RoutePresentationBuilderTest.BuildsGeometryFromRoute" start time: Jul 08 21:30 +04
Output:
----------------------------------------------------------
Running main() from ./googletest/src/gtest_main.cc
Note: Google Test filter = RoutePresentationBuilderTest.BuildsGeometryFromRoute
[==========] Running 1 test from 1 test suite.
[----------] Global test environment set-up.
[----------] 1 test from RoutePresentationBuilderTest
[ RUN      ] RoutePresentationBuilderTest.BuildsGeometryFromRoute
[       OK ] RoutePresentationBuilderTest.BuildsGeometryFromRoute (0 ms)
[----------] 1 test from RoutePresentationBuilderTest (0 ms total)

[----------] Global test environment tear-down
[==========] 1 test from 1 test suite ran. (0 ms total)
[  PASSED  ] 1 test.
<end of output>
Test time =   0.01 sec
----------------------------------------------------------
Test Passed.
"RoutePresentationBuilderTest.BuildsGeometryFromRoute" end time: Jul 08 21:30 +04
"RoutePresentationBuilderTest.BuildsGeometryFromRoute" time elapsed: 00:00:00
----------------------------------------------------------

End testing: Jul 08 21:30 +04
